<?xml version="1.0" encoding="UTF-8"?>
<testsuite xmlns:xsi="http://www.w3.org/2001/XMLSchema-instance" xsi:noNamespaceSchemaLocation="https://maven.apache.org/surefire/maven-surefire-plugin/xsd/surefire-test-report-3.0.xsd" version="3.0" name="testRunner.TestRunner" time="4.703" tests="1" errors="0" skipped="0" failures="0">
  <properties>
[...]
</properties>
  <testcase name="Successful Login with Valid Credentials" classname="Login with Valid Credentials" time="4.118">
    <system-out><![CDATA[
@sanity
Scenario: Successful Login with Valid Credentials                              # Features/login.feature:5
  Given User Launch browser                                                    # stepDefinations.steps.user_launch_browser()
  And opens URL "http://localhost/opencart/upload/"                            # stepDefinations.steps.opens_url(java.lang.String)
  When User navigate to MyAccount menu                                         # stepDefinations.steps.user_navigate_to_my_account_menu()
  And click on Login                                                           # stepDefinations.steps.click_on_login()
  And User enters Email as "lk.avarthapu@gmail.com" and Password as "meghana1" # stepDefinations.steps.user_enters_email_as_and_password_as(java.lang.String,java.lang.String)
login submit
  And Click on Login button                                                    # stepDefinations.steps.click_on_login_button()
  Then User navigates to MyAccount Page                                        # stepDefinations.steps.user_navigates_to_my_account_page()
Scenario status ======>PASSED
]]></system-out>
    <system-err><![CDATA[Nov 13, 2023 8:21:31 AM org.openqa.selenium.devtools.CdpVersionFinder findNearestMatch
WARNING: Unable to find an exact match for CDP version 119, returning the closest version; found: 118; Please update to a Selenium version that supports CDP version 119
]]></system-err>
  </testcase>
</testsuite>